\BOOKMARK [1][-]{section.1}{Introduction}{}% 1
\BOOKMARK [2][-]{subsection.1.1}{Requirements}{section.1}% 2
\BOOKMARK [2][-]{subsection.1.2}{Installation}{section.1}% 3
\BOOKMARK [2][-]{subsection.1.3}{Upgrading}{section.1}% 4
\BOOKMARK [2][-]{subsection.1.4}{Uninstalling}{section.1}% 5
\BOOKMARK [2][-]{subsection.1.5}{Troubleshooting}{section.1}% 6
\BOOKMARK [3][-]{subsubsection.1.5.1}{If\040setup.bat\040fails}{subsection.1.5}% 7
\BOOKMARK [3][-]{subsubsection.1.5.2}{If\040you\040get\040the\040error\040Could\040not\040access\040Registry}{subsection.1.5}% 8
\BOOKMARK [3][-]{subsubsection.1.5.3}{If\040you\040get\040the\040error\040Could\040not\040access\040database\040file}{subsection.1.5}% 9
\BOOKMARK [3][-]{subsubsection.1.5.4}{If\040you\040get\040the\040error\040The\040page\040you\040are\040requesting\040cannot\040be\040served\040because\040of\040the\040ISAPI\040and\040CGI\040Restriction\040list\040settings\040on\040the\040Web\040server}{subsection.1.5}% 10
\BOOKMARK [3][-]{subsubsection.1.5.5}{If\040the\040server\040tries\040to\040download\040the\040file\040instead\040of\040executing\040it}{subsection.1.5}% 11
\BOOKMARK [3][-]{subsubsection.1.5.6}{If\040you\040forgot\040your\040admin\040password}{subsection.1.5}% 12
\BOOKMARK [3][-]{subsubsection.1.5.7}{If\040email\040notifications\040don't\040work}{subsection.1.5}% 13
\BOOKMARK [2][-]{subsection.1.6}{Best\040practices}{section.1}% 14
\BOOKMARK [3][-]{subsubsection.1.6.1}{Backups}{subsection.1.6}% 15
\BOOKMARK [3][-]{subsubsection.1.6.2}{Restores}{subsection.1.6}% 16
\BOOKMARK [3][-]{subsubsection.1.6.3}{Data\040integrity}{subsection.1.6}% 17
\BOOKMARK [2][-]{subsection.1.7}{Security\040concerns}{section.1}% 18
\BOOKMARK [2][-]{subsection.1.8}{Support}{section.1}% 19
\BOOKMARK [2][-]{subsection.1.9}{Additional\040customization}{section.1}% 20
\BOOKMARK [1][-]{section.2}{Configuration}{}% 21
\BOOKMARK [2][-]{subsection.2.1}{Initial\040configuration}{section.2}% 22
\BOOKMARK [2][-]{subsection.2.2}{Configuration\040options}{section.2}% 23
\BOOKMARK [1][-]{section.3}{Users\040and\040activity}{}% 24
\BOOKMARK [2][-]{subsection.3.1}{Users\040management}{section.3}% 25
\BOOKMARK [2][-]{subsection.3.2}{Active\040Directory\040integration}{section.3}% 26
\BOOKMARK [2][-]{subsection.3.3}{Reports}{section.3}% 27
\BOOKMARK [1][-]{section.4}{Components}{}% 28
\BOOKMARK [2][-]{subsection.4.1}{Tickets\040Management}{section.4}% 29
\BOOKMARK [3][-]{subsubsection.4.1.1}{Custom\040forms}{subsection.4.1}% 30
\BOOKMARK [3][-]{subsubsection.4.1.2}{Following\040and\040assignment}{subsection.4.1}% 31
\BOOKMARK [2][-]{subsection.4.2}{Support\040Articles}{section.4}% 32
\BOOKMARK [2][-]{subsection.4.3}{Time\040Tracking}{section.4}% 33
\BOOKMARK [2][-]{subsection.4.4}{Shoutbox}{section.4}% 34
\BOOKMARK [2][-]{subsection.4.5}{Tasks\040Management}{section.4}% 35
\BOOKMARK [2][-]{subsection.4.6}{Clients\040Directory}{section.4}% 36
\BOOKMARK [2][-]{subsection.4.7}{Inventory\040Control}{section.4}% 37
\BOOKMARK [1][-]{section.5}{JSON\040API}{}% 38
\BOOKMARK [2][-]{subsection.5.1}{Show\040ticket}{section.5}% 39
\BOOKMARK [2][-]{subsection.5.2}{List\040tickets\040by\040product}{section.5}% 40
\BOOKMARK [2][-]{subsection.5.3}{List\040users}{section.5}% 41
\BOOKMARK [2][-]{subsection.5.4}{Verify\040user\040password}{section.5}% 42
\BOOKMARK [2][-]{subsection.5.5}{Change\040user\040password}{section.5}% 43
\BOOKMARK [2][-]{subsection.5.6}{Add\040new\040user}{section.5}% 44
\BOOKMARK [2][-]{subsection.5.7}{Add\040ticket}{section.5}% 45
\BOOKMARK [2][-]{subsection.5.8}{Add\040comment}{section.5}% 46
\BOOKMARK [2][-]{subsection.5.9}{Add\040release}{section.5}% 47
\BOOKMARK [2][-]{subsection.5.10}{Add\040task}{section.5}% 48
\BOOKMARK [2][-]{subsection.5.11}{List\040tasks}{section.5}% 49
\BOOKMARK [2][-]{subsection.5.12}{List\040clients}{section.5}% 50
\BOOKMARK [2][-]{subsection.5.13}{Add\040item}{section.5}% 51
\BOOKMARK [2][-]{subsection.5.14}{List\040items}{section.5}% 52
\BOOKMARK [1][-]{section.6}{License}{}% 53
